2020-10-26 07:52:18.686134 [ERROR    ] [::1            ] APP::ERROR: An error is occurred in the file app\controllers\Users.php at line 13 raison : Non-static method Loader::model() should not be called statically, assuming $this from incompatible context [core\common.php ->show_error():175]
2020-10-26 07:54:52.620985 [ERROR    ] [::1            ] APP::ERROR: An error is occurred in the file app\views\users\login.php at line 12 raison : Non-static method Assets::css() should not be called statically, assuming $this from incompatible context [core\common.php ->show_error():175]
2020-10-26 07:55:37.142822 [ERROR    ] [::1            ] APP::ERROR: An error is occurred in the file app\views\users\login.php at line 42 raison : Non-static method Url::current() should not be called statically, assuming $this from incompatible context [core\common.php ->show_error():175]
2020-10-26 07:56:31.561459 [ERROR    ] [::1            ] APP::ERROR: An error is occurred in the file app\controllers\Users.php at line 23 raison : Call to undefined method Users_model::get_by() [core\common.php ->show_error():175]
2020-10-26 07:57:42.137939 [ERROR    ] [::1            ] Class::DatabaseQueryRunner: The database query execution got an error: Array
(
    [0] => 42000
    [1] => 1064
    [2] => Erreur de syntaxe près de 'WHERE user_name = 'tnh' LIMIT 1' à la ligne 1
)
 [core\classes\database\DatabaseQueryRunner.php DatabaseQueryRunner->setQueryRunnerError():260]
2020-10-26 07:57:42.155596 [ERROR    ] [::1            ] APP::ERROR: Query: "SELECT * FROM  WHERE user_name = 'tnh' LIMIT 1" Error: Erreur de syntaxe près de 'WHERE user_name = 'tnh' LIMIT 1' à la ligne 1 [core\common.php ->show_error():175]
2020-10-26 07:58:17.456320 [ERROR    ] [::1            ] APP::ERROR: An error is occurred in the file app\controllers\Users.php at line 33 raison : Non-static method Session::set() should not be called statically, assuming $this from incompatible context [core\common.php ->show_error():175]
2020-10-26 07:58:57.944928 [ERROR    ] [::1            ] APP::ERROR: An error is occurred in the file app\views\header.php at line 19 raison : Call to undefined method Html::a() [core\common.php ->show_error():175]
2020-10-26 07:59:35.511344 [ERROR    ] [::1            ] APP::ERROR: An error is occurred in the file app\views\header.php at line 51 raison : Call to undefined function __() [core\common.php ->show_error():175]
2020-10-26 08:00:12.130153 [ERROR    ] [::1            ] APP::ERROR: An error is occurred in the file app\controllers\Leave.php at line 15 raison : Call to undefined method Leave_model::get_all() [core\common.php ->show_error():175]
2020-10-26 08:00:51.493323 [ERROR    ] [::1            ] Class::DatabaseQueryRunner: The database query execution got an error: Array
(
    [0] => 42000
    [1] => 1064
    [2] => Erreur de syntaxe près de '' à la ligne 1
)
 [core\classes\database\DatabaseQueryRunner.php DatabaseQueryRunner->setQueryRunnerError():260]
2020-10-26 08:00:51.515348 [ERROR    ] [::1            ] APP::ERROR: Query: "SELECT * FROM" Error: Erreur de syntaxe près de '' à la ligne 1 [core\common.php ->show_error():175]
2020-10-26 08:01:24.952194 [ERROR    ] [::1            ] Class::DatabaseQueryRunner: The database query execution got an error: Array
(
    [0] => 42000
    [1] => 1064
    [2] => Erreur de syntaxe près de 'WHERE id = '1' LIMIT 1' à la ligne 1
)
 [core\classes\database\DatabaseQueryRunner.php DatabaseQueryRunner->setQueryRunnerError():260]
2020-10-26 08:01:24.976380 [ERROR    ] [::1            ] APP::ERROR: Query: "SELECT * FROM  WHERE id = '1' LIMIT 1" Error: Erreur de syntaxe près de 'WHERE id = '1' LIMIT 1' à la ligne 1 [core\common.php ->show_error():175]
2020-10-26 08:03:52.148992 [ERROR    ] [::1            ] APP::ERROR: An error is occurred in the file app\controllers\Home.php at line 30 raison : Non-static method Cookie::set() should not be called statically, assuming $this from incompatible context [core\common.php ->show_error():175]
